<?xml version="1.0" encoding="UTF-8"?>
<testsuite name="Test2" tests="1" skipped="0" failures="0" errors="0" timestamp="2024-07-07T12:43:15" hostname="MacBook-Air-Olga.local" time="0.002">
  <properties/>
  <testcase name="isBig()" classname="Test2" time="0.002"/>
  <system-out><![CDATA[]]></system-out>
  <system-err><![CDATA[]]></system-err>
</testsuite>
