<?xml version="1.0" encoding="UTF-8"?>
<testsuite name="Test1" tests="1" skipped="0" failures="0" errors="0" timestamp="2024-07-07T12:43:15" hostname="MacBook-Air-Olga.local" time="0.046">
  <properties/>
  <testcase name="estPrice()" classname="Test1" time="0.046"/>
  <system-out><![CDATA[]]></system-out>
  <system-err><![CDATA[]]></system-err>
</testsuite>
